C:\HOPROJECTS\EXAMENFINAL\DEBUG\EXAMEN FINAL. CARLOS MORA A..EXE
C:\HOPROJECTS\EXAMENFINAL\DEBUG\EXAMEN FINAL. CARLOS MORA A..ILK
C:\HOPROJECTS\EXAMENFINAL\DEBUG\EXAMEN FINAL. CARLOS MORA A..PDB
C:\HOPROJECTS\EXAMENFINAL\EXAMEN FINAL. CARLOS MORA A\DEBUG\AMD.OBJ
C:\HOPROJECTS\EXAMENFINAL\EXAMEN FINAL. CARLOS MORA A\DEBUG\CELL.OBJ
C:\HoProjects\ExamenFinal\Examen Final. Carlos Mora A\Debug\cl.command.1.tlog
C:\HoProjects\ExamenFinal\Examen Final. Carlos Mora A\Debug\CL.read.1.tlog
C:\HoProjects\ExamenFinal\Examen Final. Carlos Mora A\Debug\CL.write.1.tlog
C:\HOPROJECTS\EXAMENFINAL\EXAMEN FINAL. CARLOS MORA A\DEBUG\COMPUTADOR.OBJ
C:\HOPROJECTS\EXAMENFINAL\EXAMEN FINAL. CARLOS MORA A\DEBUG\CONTROLADOR.OBJ
C:\HOPROJECTS\EXAMENFINAL\EXAMEN FINAL. CARLOS MORA A\DEBUG\CYRIX.OBJ
C:\HOPROJECTS\EXAMENFINAL\EXAMEN FINAL. CARLOS MORA A\DEBUG\DDRCINCO.OBJ
C:\HOPROJECTS\EXAMENFINAL\EXAMEN FINAL. CARLOS MORA A\DEBUG\DDRTRES.OBJ
C:\HOPROJECTS\EXAMENFINAL\EXAMEN FINAL. CARLOS MORA A\DEBUG\EXAMEN FINAL. CARLOS MORA A..EXE.INTERMEDIATE.MANIFEST
C:\HOPROJECTS\EXAMENFINAL\EXAMEN FINAL. CARLOS MORA A\DEBUG\FABRICAMACPC.OBJ
C:\HOPROJECTS\EXAMENFINAL\EXAMEN FINAL. CARLOS MORA A\DEBUG\FABRICAWINDOWSPC.OBJ
C:\HOPROJECTS\EXAMENFINAL\EXAMEN FINAL. CARLOS MORA A\DEBUG\FREEBSD.OBJ
C:\HOPROJECTS\EXAMENFINAL\EXAMEN FINAL. CARLOS MORA A\DEBUG\INTEL.OBJ
C:\HOPROJECTS\EXAMENFINAL\EXAMEN FINAL. CARLOS MORA A\DEBUG\INTERFAZ.OBJ
C:\HOPROJECTS\EXAMENFINAL\EXAMEN FINAL. CARLOS MORA A\DEBUG\ITERATOR.OBJ
C:\HOPROJECTS\EXAMENFINAL\EXAMEN FINAL. CARLOS MORA A\DEBUG\KINGSTON.OBJ
C:\HoProjects\ExamenFinal\Examen Final. Carlos Mora A\Debug\link.command.1.tlog
C:\HoProjects\ExamenFinal\Examen Final. Carlos Mora A\Debug\link.read.1.tlog
C:\HoProjects\ExamenFinal\Examen Final. Carlos Mora A\Debug\link.write.1.tlog
C:\HOPROJECTS\EXAMENFINAL\EXAMEN FINAL. CARLOS MORA A\DEBUG\LISTA.OBJ
C:\HOPROJECTS\EXAMENFINAL\EXAMEN FINAL. CARLOS MORA A\DEBUG\MACOS.OBJ
C:\HOPROJECTS\EXAMENFINAL\EXAMEN FINAL. CARLOS MORA A\DEBUG\MAIN.OBJ
C:\HOPROJECTS\EXAMENFINAL\EXAMEN FINAL. CARLOS MORA A\DEBUG\MANEJADORARCHIVOS.OBJ
C:\HOPROJECTS\EXAMENFINAL\EXAMEN FINAL. CARLOS MORA A\DEBUG\MOTOROLA.OBJ
C:\HoProjects\ExamenFinal\Examen Final. Carlos Mora A\Debug\mt.command.1.tlog
C:\HoProjects\ExamenFinal\Examen Final. Carlos Mora A\Debug\mt.read.1.tlog
C:\HoProjects\ExamenFinal\Examen Final. Carlos Mora A\Debug\mt.write.1.tlog
C:\HOPROJECTS\EXAMENFINAL\EXAMEN FINAL. CARLOS MORA A\DEBUG\NODO.OBJ
C:\HOPROJECTS\EXAMENFINAL\EXAMEN FINAL. CARLOS MORA A\DEBUG\SAMSUNG.OBJ
C:\HOPROJECTS\EXAMENFINAL\EXAMEN FINAL. CARLOS MORA A\DEBUG\SIGMA.OBJ
C:\HOPROJECTS\EXAMENFINAL\EXAMEN FINAL. CARLOS MORA A\DEBUG\SIMM.OBJ
C:\HOPROJECTS\EXAMENFINAL\EXAMEN FINAL. CARLOS MORA A\DEBUG\UNIX.OBJ
C:\HOPROJECTS\EXAMENFINAL\EXAMEN FINAL. CARLOS MORA A\DEBUG\USUARIO.OBJ
C:\HOPROJECTS\EXAMENFINAL\EXAMEN FINAL. CARLOS MORA A\DEBUG\VARNA.OBJ
C:\HoProjects\ExamenFinal\Examen Final. Carlos Mora A\Debug\vc100.idb
C:\HOPROJECTS\EXAMENFINAL\EXAMEN FINAL. CARLOS MORA A\DEBUG\VC100.PDB
C:\HOPROJECTS\EXAMENFINAL\EXAMEN FINAL. CARLOS MORA A\DEBUG\WINDOWSSIETE.OBJ
C:\HOPROJECTS\EXAMENFINAL\EXAMEN FINAL. CARLOS MORA A\DEBUG\WINDOWSVISTA.OBJ
C:\HOPROJECTS\EXAMENFINAL\EXAMEN FINAL. CARLOS MORA A\DEBUG\WINDOWSXP.OBJ
